<?xml version="1.0" encoding="UTF-8"?>
<!-- Generated by org.testng.reporters.JUnitXMLReporter -->
<testsuite hostname="PC-PC" name="Regression" tests="3" failures="0" timestamp="15 May 2020 07:18:59 GMT" time="0.037" errors="0">
  <testcase name="Rapper" time="0.013" classname="AmazonSite.Mavenjavaa.RestAPITest"/>
  <testcase name="Singer" time="0.0" classname="AmazonSite.Mavenjavaa.RestAPITest"/>
  <testcase name="Abs" time="0.001" classname="AmazonSite.Mavenjavaa.SeleniumTest"/>
</testsuite> <!-- Regression -->
