<?xml version="1.0" encoding="UTF-8"?>
<testng-results skipped="0" failed="0" total="3" passed="3">
  <reporter-output>
  </reporter-output>
  <suite name="Suite" duration-ms="37" started-at="2020-05-15T07:18:59Z" finished-at="2020-05-15T07:18:59Z">
    <groups>
      <group name="smoke">
        <method signature="RestAPITest.Singer()[pri:0, instance:AmazonSite.Mavenjavaa.RestAPITest@10c2d26]" name="Singer" class="AmazonSite.Mavenjavaa.RestAPITest"/>
      </group> <!-- smoke -->
    </groups>
    <test name="Regression" duration-ms="37" started-at="2020-05-15T07:18:59Z" finished-at="2020-05-15T07:18:59Z">
      <class name="AmazonSite.Mavenjavaa.RestAPITest">
        <test-method status="PASS" signature="Rapper()[pri:0, instance:AmazonSite.Mavenjavaa.RestAPITest@10c2d26]" name="Rapper" duration-ms="13" started-at="2020-05-15T12:48:59Z" finished-at="2020-05-15T12:48:59Z">
          <reporter-output>
          </reporter-output>
        </test-method> <!-- Rapper -->
        <test-method status="PASS" signature="Singer()[pri:0, instance:AmazonSite.Mavenjavaa.RestAPITest@10c2d26]" name="Singer" duration-ms="0" started-at="2020-05-15T12:48:59Z" finished-at="2020-05-15T12:48:59Z">
          <reporter-output>
          </reporter-output>
        </test-method> <!-- Singer -->
      </class> <!-- AmazonSite.Mavenjavaa.RestAPITest -->
      <class name="AmazonSite.Mavenjavaa.SeleniumTest">
        <test-method status="PASS" signature="Abs()[pri:0, instance:AmazonSite.Mavenjavaa.SeleniumTest@1574691]" name="Abs" duration-ms="1" started-at="2020-05-15T12:48:59Z" finished-at="2020-05-15T12:48:59Z">
          <reporter-output>
          </reporter-output>
        </test-method> <!-- Abs -->
      </class> <!-- AmazonSite.Mavenjavaa.SeleniumTest -->
    </test> <!-- Regression -->
  </suite> <!-- Suite -->
</testng-results>
